  [1m[35m (2.4ms)[0m  [1m[34mSELECT sqlite_version(*)[0m
  [1m[35m (1.5ms)[0m  [1m[35mCREATE TABLE "schema_migrations" ("version" varchar NOT NULL PRIMARY KEY)[0m
  [1m[35m (0.9ms)[0m  [1m[35mCREATE TABLE "ar_internal_metadata" ("key" varchar NOT NULL PRIMARY KEY, "value" varchar, "created_at" datetime(6) NOT NULL, "updated_at" datetime(6) NOT NULL)[0m
  [1m[35m (0.1ms)[0m  [1m[34mSELECT "schema_migrations"."version" FROM "schema_migrations" ORDER BY "schema_migrations"."version" ASC[0m
Migrating to CreateUsers (20200526153635)
  [1m[35m (0.1ms)[0m  [1m[36mbegin transaction[0m
  [1m[35m (0.6ms)[0m  [1m[35mCREATE TABLE "users" ("id" integer PRIMARY KEY AUTOINCREMENT NOT NULL, "name" varchar, "created_at" datetime(6) NOT NULL, "updated_at" datetime(6) NOT NULL)[0m
  [1m[36mprimary::SchemaMigration Create (0.2ms)[0m  [1m[32mINSERT INTO "schema_migrations" ("version") VALUES (?)[0m  [["version", "20200526153635"]]
  [1m[35m (1.2ms)[0m  [1m[36mcommit transaction[0m
Migrating to CreateCharacters (20200526153643)
  [1m[35m (0.1ms)[0m  [1m[36mbegin transaction[0m
  [1m[35m (0.4ms)[0m  [1m[35mCREATE TABLE "characters" ("id" integer PRIMARY KEY AUTOINCREMENT NOT NULL, "user_id" integer, "job_id" integer, "name" varchar, "level" integer, "strength" integer, "dexterity" integer, "constitution" integer, "intelligence" integer, "wisdom" integer, "charisma" integer, "hp" integer, "proficiency_bonus" integer, "passive_wisdom" integer, "character_abilities_id" integer, "character_spells_id" integer, "created_at" datetime(6) NOT NULL, "updated_at" datetime(6) NOT NULL)[0m
  [1m[36mprimary::SchemaMigration Create (0.2ms)[0m  [1m[32mINSERT INTO "schema_migrations" ("version") VALUES (?)[0m  [["version", "20200526153643"]]
  [1m[35m (0.7ms)[0m  [1m[36mcommit transaction[0m
Migrating to CreateJobs (20200526153701)
  [1m[35m (0.1ms)[0m  [1m[36mbegin transaction[0m
  [1m[35m (0.3ms)[0m  [1m[35mCREATE TABLE "jobs" ("id" integer PRIMARY KEY AUTOINCREMENT NOT NULL, "name" varchar, "description" varchar, "created_at" datetime(6) NOT NULL, "updated_at" datetime(6) NOT NULL)[0m
  [1m[36mprimary::SchemaMigration Create (0.1ms)[0m  [1m[32mINSERT INTO "schema_migrations" ("version") VALUES (?)[0m  [["version", "20200526153701"]]
  [1m[35m (0.7ms)[0m  [1m[36mcommit transaction[0m
Migrating to CreateAbilities (20200526153853)
  [1m[35m (0.0ms)[0m  [1m[36mbegin transaction[0m
  [1m[35m (0.3ms)[0m  [1m[35mCREATE TABLE "abilities" ("id" integer PRIMARY KEY AUTOINCREMENT NOT NULL, "name" varchar, "description" varchar, "created_at" datetime(6) NOT NULL, "updated_at" datetime(6) NOT NULL)[0m
  [1m[36mprimary::SchemaMigration Create (0.1ms)[0m  [1m[32mINSERT INTO "schema_migrations" ("version") VALUES (?)[0m  [["version", "20200526153853"]]
  [1m[35m (0.8ms)[0m  [1m[36mcommit transaction[0m
Migrating to CreateSpells (20200526153901)
  [1m[35m (0.0ms)[0m  [1m[36mbegin transaction[0m
  [1m[35m (0.5ms)[0m  [1m[35mCREATE TABLE "spells" ("id" integer PRIMARY KEY AUTOINCREMENT NOT NULL, "name" varchar, "description" varchar, "created_at" datetime(6) NOT NULL, "updated_at" datetime(6) NOT NULL)[0m
  [1m[36mprimary::SchemaMigration Create (0.3ms)[0m  [1m[32mINSERT INTO "schema_migrations" ("version") VALUES (?)[0m  [["version", "20200526153901"]]
  [1m[35m (0.7ms)[0m  [1m[36mcommit transaction[0m
Migrating to CreateCharacterAbilities (20200526154547)
  [1m[35m (0.0ms)[0m  [1m[36mbegin transaction[0m
  [1m[35m (0.3ms)[0m  [1m[35mCREATE TABLE "character_abilities" ("id" integer PRIMARY KEY AUTOINCREMENT NOT NULL, "character_id" integer, "ability_id" integer, "created_at" datetime(6) NOT NULL, "updated_at" datetime(6) NOT NULL)[0m
  [1m[36mprimary::SchemaMigration Create (0.1ms)[0m  [1m[32mINSERT INTO "schema_migrations" ("version") VALUES (?)[0m  [["version", "20200526154547"]]
  [1m[35m (0.7ms)[0m  [1m[36mcommit transaction[0m
Migrating to CreateCharacterSpells (20200526154555)
  [1m[35m (0.1ms)[0m  [1m[36mbegin transaction[0m
  [1m[35m (0.6ms)[0m  [1m[35mCREATE TABLE "character_spells" ("id" integer PRIMARY KEY AUTOINCREMENT NOT NULL, "character_id" integer, "spell_id" integer, "created_at" datetime(6) NOT NULL, "updated_at" datetime(6) NOT NULL)[0m
  [1m[36mprimary::SchemaMigration Create (0.2ms)[0m  [1m[32mINSERT INTO "schema_migrations" ("version") VALUES (?)[0m  [["version", "20200526154555"]]
  [1m[35m (1.4ms)[0m  [1m[36mcommit transaction[0m
  [1m[36mActiveRecord::InternalMetadata Load (0.2ms)[0m  [1m[34mSELECT "ar_internal_metadata".* FROM "ar_internal_metadata" WHERE "ar_internal_metadata"."key" = ? LIMIT ?[0m  [["key", "environment"], ["LIMIT", 1]]
  [1m[35m (0.0ms)[0m  [1m[36mbegin transaction[0m
  [1m[36mActiveRecord::InternalMetadata Create (0.3ms)[0m  [1m[32mINSERT INTO "ar_internal_metadata" ("key", "value", "created_at", "updated_at") VALUES (?, ?, ?, ?)[0m  [["key", "environment"], ["value", "development"], ["created_at", "2020-05-26 15:47:13.263898"], ["updated_at", "2020-05-26 15:47:13.263898"]]
  [1m[35m (0.7ms)[0m  [1m[36mcommit transaction[0m
  [1m[35m (0.0ms)[0m  [1m[34mSELECT sqlite_version(*)[0m
  [1m[35m (0.1ms)[0m  [1m[34mSELECT "schema_migrations"."version" FROM "schema_migrations" ORDER BY "schema_migrations"."version" ASC[0m
Started GET "/" for ::1 at 2020-05-26 16:45:19 -0400
  [1m[35m (3.3ms)[0m  [1m[34mSELECT sqlite_version(*)[0m
  [1m[35m (0.6ms)[0m  [1m[34mSELECT "schema_migrations"."version" FROM "schema_migrations" ORDER BY "schema_migrations"."version" ASC[0m
Processing by Rails::WelcomeController#index as HTML
  Rendering /Users/josephlin/.rvm/gems/ruby-2.6.1/gems/railties-6.0.3.1/lib/rails/templates/rails/welcome/index.html.erb
  Rendered /Users/josephlin/.rvm/gems/ruby-2.6.1/gems/railties-6.0.3.1/lib/rails/templates/rails/welcome/index.html.erb (Duration: 40.7ms | Allocations: 480)
Completed 200 OK in 63ms (Views: 49.2ms | ActiveRecord: 0.0ms | Allocations: 2850)


Started GET "/jobs/" for ::1 at 2020-05-26 16:45:25 -0400
  
LoadError (cannot load such file -- /lib/dnd_api.rb):
  
app/controllers/jobs_controller.rb:1:in `<main>'
Started GET "/jobs/" for ::1 at 2020-05-26 16:46:57 -0400
  [1m[35m (0.2ms)[0m  [1m[34mSELECT sqlite_version(*)[0m
Processing by JobsController#index as HTML
Completed 500 Internal Server Error in 2ms (ActiveRecord: 0.0ms | Allocations: 972)


  
NoMethodError (undefined method `print_classes' for nil:NilClass):
  
app/controllers/jobs_controller.rb:6:in `index'
Started PUT "/__web_console/repl_sessions/ad93a8efd528b789a412737e8bfaab47" for ::1 at 2020-05-26 16:47:46 -0400
Started PUT "/__web_console/repl_sessions/ad93a8efd528b789a412737e8bfaab47" for ::1 at 2020-05-26 16:47:47 -0400
Started PUT "/__web_console/repl_sessions/ad93a8efd528b789a412737e8bfaab47" for ::1 at 2020-05-26 16:47:50 -0400
Started GET "/jobs/" for ::1 at 2020-05-26 16:48:24 -0400
  [1m[35m (0.1ms)[0m  [1m[34mSELECT sqlite_version(*)[0m
Processing by JobsController#index as HTML
Started PUT "/__web_console/repl_sessions/ad93a8efd528b789a412737e8bfaab47" for ::1 at 2020-05-26 16:49:51 -0400
Started GET "/jobs/" for ::1 at 2020-05-26 16:49:51 -0400
Started PUT "/__web_console/repl_sessions/ad93a8efd528b789a412737e8bfaab47" for ::1 at 2020-05-26 16:49:51 -0400
Completed 500 Internal Server Error in 94853ms (ActiveRecord: 0.0ms | Allocations: 876676)


  
SystemExit (exit):
  
(byebug):1:in `exit'
(byebug):1:in `index'
app/controllers/jobs_controller.rb:8:in `index'
  [1m[35m (2.1ms)[0m  [1m[34mSELECT sqlite_version(*)[0m
Started GET "/" for ::1 at 2020-05-26 16:50:10 -0400
Started GET "/jobs" for ::1 at 2020-05-26 16:50:10 -0400
Started PUT "/__web_console/repl_sessions/ad93a8efd528b789a412737e8bfaab47" for ::1 at 2020-05-26 16:50:10 -0400
Processing by JobsController#index as HTML
Completed 500 Internal Server Error in 1874ms (ActiveRecord: 0.0ms | Allocations: 176315)


  [1m[35m (2.1ms)[0m  [1m[34mSELECT sqlite_version(*)[0m
  [1m[35m (4.5ms)[0m  [1m[34mSELECT sqlite_version(*)[0m
  
SystemExit (exit):
  
(byebug):1:in `exit'
(byebug):1:in `index'
app/controllers/jobs_controller.rb:8:in `index'
Processing by Rails::WelcomeController#index as HTML
Processing by JobsController#index as HTML
  Rendering /Users/josephlin/.rvm/gems/ruby-2.6.1/gems/railties-6.0.3.1/lib/rails/templates/rails/welcome/index.html.erb
Completed 500 Internal Server Error in 3676ms (ActiveRecord: 0.0ms | Allocations: 612085)


  Rendered /Users/josephlin/.rvm/gems/ruby-2.6.1/gems/railties-6.0.3.1/lib/rails/templates/rails/welcome/index.html.erb (Duration: 212.8ms | Allocations: 1050622)
  
SystemExit (exit):
  
(byebug):1:in `exit'
(byebug):1:in `index'
app/controllers/jobs_controller.rb:8:in `index'
Completed 200 OK in 4813ms (Views: 4603.3ms | ActiveRecord: 0.0ms | Allocations: 6540985)


Started GET "/" for ::1 at 2020-05-26 16:50:34 -0400
  [1m[35m (1.8ms)[0m  [1m[34mSELECT sqlite_version(*)[0m
Processing by Rails::WelcomeController#index as HTML
  Rendering /Users/josephlin/.rvm/gems/ruby-2.6.1/gems/railties-6.0.3.1/lib/rails/templates/rails/welcome/index.html.erb
  Rendered /Users/josephlin/.rvm/gems/ruby-2.6.1/gems/railties-6.0.3.1/lib/rails/templates/rails/welcome/index.html.erb (Duration: 0.8ms | Allocations: 10966)
Completed 200 OK in 62ms (Views: 15.0ms | ActiveRecord: 0.0ms | Allocations: 361577)


Started GET "/jobs" for ::1 at 2020-05-26 16:50:39 -0400
Processing by JobsController#index as HTML
Completed 406 Not Acceptable in 252ms (ActiveRecord: 0.0ms | Allocations: 577880)


  
ActionController::MissingExactTemplate (JobsController#index is missing a template for request formats: text/html):
  
actionpack (6.0.3.1) lib/action_controller/metal/implicit_render.rb:45:in `default_render'
actionpack (6.0.3.1) lib/action_controller/metal/basic_implicit_render.rb:6:in `block in send_action'
actionpack (6.0.3.1) lib/action_controller/metal/basic_implicit_render.rb:6:in `tap'
actionpack (6.0.3.1) lib/action_controller/metal/basic_implicit_render.rb:6:in `send_action'
actionpack (6.0.3.1) lib/abstract_controller/base.rb:195:in `process_action'
actionpack (6.0.3.1) lib/action_controller/metal/rendering.rb:30:in `process_action'
actionpack (6.0.3.1) lib/abstract_controller/callbacks.rb:42:in `block in process_action'
activesupport (6.0.3.1) lib/active_support/callbacks.rb:135:in `run_callbacks'
actionpack (6.0.3.1) lib/abstract_controller/callbacks.rb:41:in `process_action'
actionpack (6.0.3.1) lib/action_controller/metal/rescue.rb:22:in `process_action'
actionpack (6.0.3.1) lib/action_controller/metal/instrumentation.rb:33:in `block in process_action'
activesupport (6.0.3.1) lib/active_support/notifications.rb:180:in `block in instrument'
activesupport (6.0.3.1) lib/active_support/notifications/instrumenter.rb:24:in `instrument'
activesupport (6.0.3.1) lib/active_support/notifications.rb:180:in `instrument'
actionpack (6.0.3.1) lib/action_controller/metal/instrumentation.rb:32:in `process_action'
actionpack (6.0.3.1) lib/action_controller/metal/params_wrapper.rb:245:in `process_action'
activerecord (6.0.3.1) lib/active_record/railties/controller_runtime.rb:27:in `process_action'
actionpack (6.0.3.1) lib/abstract_controller/base.rb:136:in `process'
actionview (6.0.3.1) lib/action_view/rendering.rb:39:in `process'
actionpack (6.0.3.1) lib/action_controller/metal.rb:190:in `dispatch'
actionpack (6.0.3.1) lib/action_controller/metal.rb:254:in `dispatch'
actionpack (6.0.3.1) lib/action_dispatch/routing/route_set.rb:50:in `dispatch'
actionpack (6.0.3.1) lib/action_dispatch/routing/route_set.rb:33:in `serve'
actionpack (6.0.3.1) lib/action_dispatch/journey/router.rb:49:in `block in serve'
actionpack (6.0.3.1) lib/action_dispatch/journey/router.rb:32:in `each'
actionpack (6.0.3.1) lib/action_dispatch/journey/router.rb:32:in `serve'
actionpack (6.0.3.1) lib/action_dispatch/routing/route_set.rb:834:in `call'
rack (2.2.2) lib/rack/tempfile_reaper.rb:15:in `call'
rack (2.2.2) lib/rack/etag.rb:27:in `call'
rack (2.2.2) lib/rack/conditional_get.rb:27:in `call'
rack (2.2.2) lib/rack/head.rb:12:in `call'
actionpack (6.0.3.1) lib/action_dispatch/http/content_security_policy.rb:18:in `call'
rack (2.2.2) lib/rack/session/abstract/id.rb:266:in `context'
rack (2.2.2) lib/rack/session/abstract/id.rb:260:in `call'
actionpack (6.0.3.1) lib/action_dispatch/middleware/cookies.rb:648:in `call'
activerecord (6.0.3.1) lib/active_record/migration.rb:567:in `call'
actionpack (6.0.3.1) lib/action_dispatch/middleware/callbacks.rb:27:in `block in call'
activesupport (6.0.3.1) lib/active_support/callbacks.rb:101:in `run_callbacks'
actionpack (6.0.3.1) lib/action_dispatch/middleware/callbacks.rb:26:in `call'
actionpack (6.0.3.1) lib/action_dispatch/middleware/executor.rb:14:in `call'
actionpack (6.0.3.1) lib/action_dispatch/middleware/actionable_exceptions.rb:17:in `call'
actionpack (6.0.3.1) lib/action_dispatch/middleware/debug_exceptions.rb:32:in `call'
web-console (4.0.2) lib/web_console/middleware.rb:132:in `call_app'
web-console (4.0.2) lib/web_console/middleware.rb:28:in `block in call'
web-console (4.0.2) lib/web_console/middleware.rb:17:in `catch'
web-console (4.0.2) lib/web_console/middleware.rb:17:in `call'
actionpack (6.0.3.1) lib/action_dispatch/middleware/show_exceptions.rb:33:in `call'
railties (6.0.3.1) lib/rails/rack/logger.rb:37:in `call_app'
railties (6.0.3.1) lib/rails/rack/logger.rb:26:in `block in call'
activesupport (6.0.3.1) lib/active_support/tagged_logging.rb:80:in `block in tagged'
activesupport (6.0.3.1) lib/active_support/tagged_logging.rb:28:in `tagged'
activesupport (6.0.3.1) lib/active_support/tagged_logging.rb:80:in `tagged'
railties (6.0.3.1) lib/rails/rack/logger.rb:26:in `call'
sprockets-rails (3.2.1) lib/sprockets/rails/quiet_assets.rb:13:in `call'
actionpack (6.0.3.1) lib/action_dispatch/middleware/remote_ip.rb:81:in `call'
actionpack (6.0.3.1) lib/action_dispatch/middleware/request_id.rb:27:in `call'
rack (2.2.2) lib/rack/method_override.rb:24:in `call'
rack (2.2.2) lib/rack/runtime.rb:22:in `call'
activesupport (6.0.3.1) lib/active_support/cache/strategy/local_cache_middleware.rb:29:in `call'
actionpack (6.0.3.1) lib/action_dispatch/middleware/executor.rb:14:in `call'
actionpack (6.0.3.1) lib/action_dispatch/middleware/static.rb:126:in `call'
rack (2.2.2) lib/rack/sendfile.rb:110:in `call'
actionpack (6.0.3.1) lib/action_dispatch/middleware/host_authorization.rb:82:in `call'
webpacker (4.2.2) lib/webpacker/dev_server_proxy.rb:23:in `perform_request'
rack-proxy (0.6.5) lib/rack/proxy.rb:57:in `call'
railties (6.0.3.1) lib/rails/engine.rb:527:in `call'
puma (4.3.5) lib/puma/configuration.rb:228:in `call'
puma (4.3.5) lib/puma/server.rb:713:in `handle_request'
puma (4.3.5) lib/puma/server.rb:472:in `process_client'
puma (4.3.5) lib/puma/server.rb:328:in `block in run'
puma (4.3.5) lib/puma/thread_pool.rb:134:in `block in spawn_thread'
Started GET "/" for ::1 at 2020-05-26 17:03:01 -0400
  [1m[35m (1.3ms)[0m  [1m[34mSELECT sqlite_version(*)[0m
  [1m[35m (0.6ms)[0m  [1m[34mSELECT "schema_migrations"."version" FROM "schema_migrations" ORDER BY "schema_migrations"."version" ASC[0m
Processing by Rails::WelcomeController#index as HTML
  Rendering /Users/josephlin/.rvm/gems/ruby-2.6.1/gems/railties-6.0.3.1/lib/rails/templates/rails/welcome/index.html.erb
  Rendered /Users/josephlin/.rvm/gems/ruby-2.6.1/gems/railties-6.0.3.1/lib/rails/templates/rails/welcome/index.html.erb (Duration: 13.1ms | Allocations: 315)
Completed 200 OK in 25ms (Views: 16.9ms | ActiveRecord: 0.0ms | Allocations: 1812)


Started GET "/jobs" for ::1 at 2020-05-26 17:03:04 -0400
Processing by JobsController#index as HTML
Completed 406 Not Acceptable in 157ms (ActiveRecord: 0.0ms | Allocations: 2882)


  
ActionController::MissingExactTemplate (JobsController#index is missing a template for request formats: text/html):
  
actionpack (6.0.3.1) lib/action_controller/metal/implicit_render.rb:45:in `default_render'
actionpack (6.0.3.1) lib/action_controller/metal/basic_implicit_render.rb:6:in `block in send_action'
actionpack (6.0.3.1) lib/action_controller/metal/basic_implicit_render.rb:6:in `tap'
actionpack (6.0.3.1) lib/action_controller/metal/basic_implicit_render.rb:6:in `send_action'
actionpack (6.0.3.1) lib/abstract_controller/base.rb:195:in `process_action'
actionpack (6.0.3.1) lib/action_controller/metal/rendering.rb:30:in `process_action'
actionpack (6.0.3.1) lib/abstract_controller/callbacks.rb:42:in `block in process_action'
activesupport (6.0.3.1) lib/active_support/callbacks.rb:135:in `run_callbacks'
actionpack (6.0.3.1) lib/abstract_controller/callbacks.rb:41:in `process_action'
actionpack (6.0.3.1) lib/action_controller/metal/rescue.rb:22:in `process_action'
actionpack (6.0.3.1) lib/action_controller/metal/instrumentation.rb:33:in `block in process_action'
activesupport (6.0.3.1) lib/active_support/notifications.rb:180:in `block in instrument'
activesupport (6.0.3.1) lib/active_support/notifications/instrumenter.rb:24:in `instrument'
activesupport (6.0.3.1) lib/active_support/notifications.rb:180:in `instrument'
actionpack (6.0.3.1) lib/action_controller/metal/instrumentation.rb:32:in `process_action'
actionpack (6.0.3.1) lib/action_controller/metal/params_wrapper.rb:245:in `process_action'
activerecord (6.0.3.1) lib/active_record/railties/controller_runtime.rb:27:in `process_action'
actionpack (6.0.3.1) lib/abstract_controller/base.rb:136:in `process'
actionview (6.0.3.1) lib/action_view/rendering.rb:39:in `process'
actionpack (6.0.3.1) lib/action_controller/metal.rb:190:in `dispatch'
actionpack (6.0.3.1) lib/action_controller/metal.rb:254:in `dispatch'
actionpack (6.0.3.1) lib/action_dispatch/routing/route_set.rb:50:in `dispatch'
actionpack (6.0.3.1) lib/action_dispatch/routing/route_set.rb:33:in `serve'
actionpack (6.0.3.1) lib/action_dispatch/journey/router.rb:49:in `block in serve'
actionpack (6.0.3.1) lib/action_dispatch/journey/router.rb:32:in `each'
actionpack (6.0.3.1) lib/action_dispatch/journey/router.rb:32:in `serve'
actionpack (6.0.3.1) lib/action_dispatch/routing/route_set.rb:834:in `call'
rack (2.2.2) lib/rack/tempfile_reaper.rb:15:in `call'
rack (2.2.2) lib/rack/etag.rb:27:in `call'
rack (2.2.2) lib/rack/conditional_get.rb:27:in `call'
rack (2.2.2) lib/rack/head.rb:12:in `call'
actionpack (6.0.3.1) lib/action_dispatch/http/content_security_policy.rb:18:in `call'
rack (2.2.2) lib/rack/session/abstract/id.rb:266:in `context'
rack (2.2.2) lib/rack/session/abstract/id.rb:260:in `call'
actionpack (6.0.3.1) lib/action_dispatch/middleware/cookies.rb:648:in `call'
activerecord (6.0.3.1) lib/active_record/migration.rb:567:in `call'
actionpack (6.0.3.1) lib/action_dispatch/middleware/callbacks.rb:27:in `block in call'
activesupport (6.0.3.1) lib/active_support/callbacks.rb:101:in `run_callbacks'
actionpack (6.0.3.1) lib/action_dispatch/middleware/callbacks.rb:26:in `call'
actionpack (6.0.3.1) lib/action_dispatch/middleware/executor.rb:14:in `call'
actionpack (6.0.3.1) lib/action_dispatch/middleware/actionable_exceptions.rb:17:in `call'
actionpack (6.0.3.1) lib/action_dispatch/middleware/debug_exceptions.rb:32:in `call'
web-console (4.0.2) lib/web_console/middleware.rb:132:in `call_app'
web-console (4.0.2) lib/web_console/middleware.rb:28:in `block in call'
web-console (4.0.2) lib/web_console/middleware.rb:17:in `catch'
web-console (4.0.2) lib/web_console/middleware.rb:17:in `call'
actionpack (6.0.3.1) lib/action_dispatch/middleware/show_exceptions.rb:33:in `call'
railties (6.0.3.1) lib/rails/rack/logger.rb:37:in `call_app'
railties (6.0.3.1) lib/rails/rack/logger.rb:26:in `block in call'
activesupport (6.0.3.1) lib/active_support/tagged_logging.rb:80:in `block in tagged'
activesupport (6.0.3.1) lib/active_support/tagged_logging.rb:28:in `tagged'
activesupport (6.0.3.1) lib/active_support/tagged_logging.rb:80:in `tagged'
railties (6.0.3.1) lib/rails/rack/logger.rb:26:in `call'
sprockets-rails (3.2.1) lib/sprockets/rails/quiet_assets.rb:13:in `call'
actionpack (6.0.3.1) lib/action_dispatch/middleware/remote_ip.rb:81:in `call'
actionpack (6.0.3.1) lib/action_dispatch/middleware/request_id.rb:27:in `call'
rack (2.2.2) lib/rack/method_override.rb:24:in `call'
rack (2.2.2) lib/rack/runtime.rb:22:in `call'
activesupport (6.0.3.1) lib/active_support/cache/strategy/local_cache_middleware.rb:29:in `call'
actionpack (6.0.3.1) lib/action_dispatch/middleware/executor.rb:14:in `call'
actionpack (6.0.3.1) lib/action_dispatch/middleware/static.rb:126:in `call'
rack (2.2.2) lib/rack/sendfile.rb:110:in `call'
actionpack (6.0.3.1) lib/action_dispatch/middleware/host_authorization.rb:82:in `call'
webpacker (4.2.2) lib/webpacker/dev_server_proxy.rb:23:in `perform_request'
rack-proxy (0.6.5) lib/rack/proxy.rb:57:in `call'
railties (6.0.3.1) lib/rails/engine.rb:527:in `call'
puma (4.3.5) lib/puma/configuration.rb:228:in `call'
puma (4.3.5) lib/puma/server.rb:713:in `handle_request'
puma (4.3.5) lib/puma/server.rb:472:in `process_client'
puma (4.3.5) lib/puma/server.rb:328:in `block in run'
puma (4.3.5) lib/puma/thread_pool.rb:134:in `block in spawn_thread'
Started GET "/jobs" for ::1 at 2020-05-26 17:04:00 -0400
  [1m[35m (0.9ms)[0m  [1m[34mSELECT sqlite_version(*)[0m
  [1m[35m (0.3ms)[0m  [1m[34mSELECT "schema_migrations"."version" FROM "schema_migrations" ORDER BY "schema_migrations"."version" ASC[0m
Processing by JobsController#index as HTML
  Rendering jobs/index.html.erb within layouts/application
  Rendered jobs/index.html.erb within layouts/application (Duration: 1.2ms | Allocations: 264)
[Webpacker] Compiling...
[Webpacker] Compiled all packs in /Users/josephlin/Development/code/Mod2/dndcharactergeneration/public/packs
[Webpacker] Hash: 15d1bb7b54cf6326b9ba
Version: webpack 4.43.0
Time: 2664ms
Built at: 05/26/2020 5:04:05 PM
                                     Asset       Size       Chunks                         Chunk Names
    js/application-9afcbb5693aa87623e69.js    124 KiB  application  [emitted] [immutable]  application
js/application-9afcbb5693aa87623e69.js.map    139 KiB  application  [emitted] [dev]        application
                             manifest.json  364 bytes               [emitted]              
Entrypoint application = js/application-9afcbb5693aa87623e69.js js/application-9afcbb5693aa87623e69.js.map
[./app/javascript/channels sync recursive _channel\.js$] ./app/javascript/channels sync _channel\.js$ 160 bytes {application} [built]
[./app/javascript/channels/index.js] 211 bytes {application} [built]
[./app/javascript/packs/application.js] 749 bytes {application} [built]
[./node_modules/webpack/buildin/module.js] (webpack)/buildin/module.js 552 bytes {application} [built]
    + 3 hidden modules

Completed 200 OK in 5458ms (Views: 5300.7ms | ActiveRecord: 0.0ms | Allocations: 21076)


Started GET "/jobs" for ::1 at 2020-05-26 17:04:29 -0400
Processing by JobsController#index as HTML
  Rendering jobs/index.html.erb within layouts/application
  Rendered jobs/index.html.erb within layouts/application (Duration: 0.4ms | Allocations: 150)
[Webpacker] Everything's up-to-date. Nothing to do
Completed 200 OK in 222ms (Views: 7.3ms | ActiveRecord: 0.0ms | Allocations: 5774)


Started GET "/" for ::1 at 2020-05-26 18:36:52 -0400
  [1m[35m (8.1ms)[0m  [1m[34mSELECT sqlite_version(*)[0m
  [1m[35m (0.6ms)[0m  [1m[34mSELECT "schema_migrations"."version" FROM "schema_migrations" ORDER BY "schema_migrations"."version" ASC[0m
Processing by Rails::WelcomeController#index as HTML
  Rendering /Users/srishtinath/.rvm/gems/ruby-2.6.1/gems/railties-6.0.3.1/lib/rails/templates/rails/welcome/index.html.erb
  Rendered /Users/srishtinath/.rvm/gems/ruby-2.6.1/gems/railties-6.0.3.1/lib/rails/templates/rails/welcome/index.html.erb (Duration: 14.4ms | Allocations: 480)
Completed 200 OK in 29ms (Views: 20.3ms | ActiveRecord: 0.0ms | Allocations: 2979)


Started GET "/jobs" for ::1 at 2020-05-26 18:37:00 -0400
Processing by JobsController#index as HTML
  [1m[35m (0.0ms)[0m  [1m[36mbegin transaction[0m
  ↳ lib/dnd_api.rb:13:in `block in classes'
  [1m[36mJob Create (2.2ms)[0m  [1m[32mINSERT INTO "jobs" ("name", "created_at", "updated_at") VALUES (?, ?, ?)[0m  [["name", "barbarian"], ["created_at", "2020-05-26 22:37:00.592383"], ["updated_at", "2020-05-26 22:37:00.592383"]]
  ↳ lib/dnd_api.rb:13:in `block in classes'
  [1m[35m (1.4ms)[0m  [1m[36mcommit transaction[0m
  ↳ lib/dnd_api.rb:13:in `block in classes'
  [1m[35m (0.1ms)[0m  [1m[36mbegin transaction[0m
  ↳ lib/dnd_api.rb:13:in `block in classes'
  [1m[36mJob Create (1.1ms)[0m  [1m[32mINSERT INTO "jobs" ("name", "created_at", "updated_at") VALUES (?, ?, ?)[0m  [["name", "bard"], ["created_at", "2020-05-26 22:37:00.600530"], ["updated_at", "2020-05-26 22:37:00.600530"]]
  ↳ lib/dnd_api.rb:13:in `block in classes'
  [1m[35m (1.2ms)[0m  [1m[36mcommit transaction[0m
  ↳ lib/dnd_api.rb:13:in `block in classes'
  [1m[35m (0.0ms)[0m  [1m[36mbegin transaction[0m
  ↳ lib/dnd_api.rb:13:in `block in classes'
  [1m[36mJob Create (0.6ms)[0m  [1m[32mINSERT INTO "jobs" ("name", "created_at", "updated_at") VALUES (?, ?, ?)[0m  [["name", "cleric"], ["created_at", "2020-05-26 22:37:00.605821"], ["updated_at", "2020-05-26 22:37:00.605821"]]
  ↳ lib/dnd_api.rb:13:in `block in classes'
  [1m[35m (0.6ms)[0m  [1m[36mcommit transaction[0m
  ↳ lib/dnd_api.rb:13:in `block in classes'
  [1m[35m (0.0ms)[0m  [1m[36mbegin transaction[0m
  ↳ lib/dnd_api.rb:13:in `block in classes'
  [1m[36mJob Create (0.3ms)[0m  [1m[32mINSERT INTO "jobs" ("name", "created_at", "updated_at") VALUES (?, ?, ?)[0m  [["name", "druid"], ["created_at", "2020-05-26 22:37:00.610554"], ["updated_at", "2020-05-26 22:37:00.610554"]]
  ↳ lib/dnd_api.rb:13:in `block in classes'
  [1m[35m (1.1ms)[0m  [1m[36mcommit transaction[0m
  ↳ lib/dnd_api.rb:13:in `block in classes'
  [1m[35m (0.0ms)[0m  [1m[36mbegin transaction[0m
  ↳ lib/dnd_api.rb:13:in `block in classes'
  [1m[36mJob Create (0.3ms)[0m  [1m[32mINSERT INTO "jobs" ("name", "created_at", "updated_at") VALUES (?, ?, ?)[0m  [["name", "fighter"], ["created_at", "2020-05-26 22:37:00.615301"], ["updated_at", "2020-05-26 22:37:00.615301"]]
  ↳ lib/dnd_api.rb:13:in `block in classes'
  [1m[35m (0.6ms)[0m  [1m[36mcommit transaction[0m
  ↳ lib/dnd_api.rb:13:in `block in classes'
  [1m[35m (0.0ms)[0m  [1m[36mbegin transaction[0m
  ↳ lib/dnd_api.rb:13:in `block in classes'
  [1m[36mJob Create (0.3ms)[0m  [1m[32mINSERT INTO "jobs" ("name", "created_at", "updated_at") VALUES (?, ?, ?)[0m  [["name", "monk"], ["created_at", "2020-05-26 22:37:00.619407"], ["updated_at", "2020-05-26 22:37:00.619407"]]
  ↳ lib/dnd_api.rb:13:in `block in classes'
  [1m[35m (1.3ms)[0m  [1m[36mcommit transaction[0m
  ↳ lib/dnd_api.rb:13:in `block in classes'
  [1m[35m (0.0ms)[0m  [1m[36mbegin transaction[0m
  ↳ lib/dnd_api.rb:13:in `block in classes'
  [1m[36mJob Create (0.3ms)[0m  [1m[32mINSERT INTO "jobs" ("name", "created_at", "updated_at") VALUES (?, ?, ?)[0m  [["name", "paladin"], ["created_at", "2020-05-26 22:37:00.624348"], ["updated_at", "2020-05-26 22:37:00.624348"]]
  ↳ lib/dnd_api.rb:13:in `block in classes'
  [1m[35m (1.6ms)[0m  [1m[36mcommit transaction[0m
  ↳ lib/dnd_api.rb:13:in `block in classes'
  [1m[35m (0.1ms)[0m  [1m[36mbegin transaction[0m
  ↳ lib/dnd_api.rb:13:in `block in classes'
  [1m[36mJob Create (0.4ms)[0m  [1m[32mINSERT INTO "jobs" ("name", "created_at", "updated_at") VALUES (?, ?, ?)[0m  [["name", "ranger"], ["created_at", "2020-05-26 22:37:00.631801"], ["updated_at", "2020-05-26 22:37:00.631801"]]
  ↳ lib/dnd_api.rb:13:in `block in classes'
  [1m[35m (5.3ms)[0m  [1m[36mcommit transaction[0m
  ↳ lib/dnd_api.rb:13:in `block in classes'
  [1m[35m (0.1ms)[0m  [1m[36mbegin transaction[0m
  ↳ lib/dnd_api.rb:13:in `block in classes'
  [1m[36mJob Create (0.3ms)[0m  [1m[32mINSERT INTO "jobs" ("name", "created_at", "updated_at") VALUES (?, ?, ?)[0m  [["name", "rogue"], ["created_at", "2020-05-26 22:37:00.641864"], ["updated_at", "2020-05-26 22:37:00.641864"]]
  ↳ lib/dnd_api.rb:13:in `block in classes'
  [1m[35m (1.1ms)[0m  [1m[36mcommit transaction[0m
  ↳ lib/dnd_api.rb:13:in `block in classes'
  [1m[35m (0.0ms)[0m  [1m[36mbegin transaction[0m
  ↳ lib/dnd_api.rb:13:in `block in classes'
  [1m[36mJob Create (0.3ms)[0m  [1m[32mINSERT INTO "jobs" ("name", "created_at", "updated_at") VALUES (?, ?, ?)[0m  [["name", "sorcerer"], ["created_at", "2020-05-26 22:37:00.646957"], ["updated_at", "2020-05-26 22:37:00.646957"]]
  ↳ lib/dnd_api.rb:13:in `block in classes'
  [1m[35m (1.1ms)[0m  [1m[36mcommit transaction[0m
  ↳ lib/dnd_api.rb:13:in `block in classes'
  [1m[35m (0.0ms)[0m  [1m[36mbegin transaction[0m
  ↳ lib/dnd_api.rb:13:in `block in classes'
  [1m[36mJob Create (0.3ms)[0m  [1m[32mINSERT INTO "jobs" ("name", "created_at", "updated_at") VALUES (?, ?, ?)[0m  [["name", "warlock"], ["created_at", "2020-05-26 22:37:00.652333"], ["updated_at", "2020-05-26 22:37:00.652333"]]
  ↳ lib/dnd_api.rb:13:in `block in classes'
  [1m[35m (1.5ms)[0m  [1m[36mcommit transaction[0m
  ↳ lib/dnd_api.rb:13:in `block in classes'
  [1m[35m (0.1ms)[0m  [1m[36mbegin transaction[0m
  ↳ lib/dnd_api.rb:13:in `block in classes'
  [1m[36mJob Create (0.4ms)[0m  [1m[32mINSERT INTO "jobs" ("name", "created_at", "updated_at") VALUES (?, ?, ?)[0m  [["name", "wizard"], ["created_at", "2020-05-26 22:37:00.658809"], ["updated_at", "2020-05-26 22:37:00.658809"]]
  ↳ lib/dnd_api.rb:13:in `block in classes'
  [1m[35m (1.3ms)[0m  [1m[36mcommit transaction[0m
  ↳ lib/dnd_api.rb:13:in `block in classes'
  Rendering jobs/index.html.erb within layouts/application
  Rendered jobs/index.html.erb within layouts/application (Duration: 0.5ms | Allocations: 224)
[Webpacker] Everything's up-to-date. Nothing to do
Completed 200 OK in 411ms (Views: 109.3ms | ActiveRecord: 26.6ms | Allocations: 111453)


Started GET "/jobs" for ::1 at 2020-05-26 18:37:36 -0400
Processing by JobsController#index as HTML
  [1m[35m (0.1ms)[0m  [1m[36mbegin transaction[0m
  ↳ lib/dnd_api.rb:13:in `block in classes'
  [1m[36mJob Create (0.5ms)[0m  [1m[32mINSERT INTO "jobs" ("name", "created_at", "updated_at") VALUES (?, ?, ?)[0m  [["name", "barbarian"], ["created_at", "2020-05-26 22:37:36.203879"], ["updated_at", "2020-05-26 22:37:36.203879"]]
  ↳ lib/dnd_api.rb:13:in `block in classes'
  [1m[35m (3.3ms)[0m  [1m[36mcommit transaction[0m
  ↳ lib/dnd_api.rb:13:in `block in classes'
  [1m[35m (0.1ms)[0m  [1m[36mbegin transaction[0m
  ↳ lib/dnd_api.rb:13:in `block in classes'
  [1m[36mJob Create (0.4ms)[0m  [1m[32mINSERT INTO "jobs" ("name", "created_at", "updated_at") VALUES (?, ?, ?)[0m  [["name", "bard"], ["created_at", "2020-05-26 22:37:36.212189"], ["updated_at", "2020-05-26 22:37:36.212189"]]
  ↳ lib/dnd_api.rb:13:in `block in classes'
  [1m[35m (1.0ms)[0m  [1m[36mcommit transaction[0m
  ↳ lib/dnd_api.rb:13:in `block in classes'
  [1m[35m (0.1ms)[0m  [1m[36mbegin transaction[0m
  ↳ lib/dnd_api.rb:13:in `block in classes'
  [1m[36mJob Create (0.3ms)[0m  [1m[32mINSERT INTO "jobs" ("name", "created_at", "updated_at") VALUES (?, ?, ?)[0m  [["name", "cleric"], ["created_at", "2020-05-26 22:37:36.216586"], ["updated_at", "2020-05-26 22:37:36.216586"]]
  ↳ lib/dnd_api.rb:13:in `block in classes'
  [1m[35m (1.1ms)[0m  [1m[36mcommit transaction[0m
  ↳ lib/dnd_api.rb:13:in `block in classes'
  [1m[35m (0.0ms)[0m  [1m[36mbegin transaction[0m
  ↳ lib/dnd_api.rb:13:in `block in classes'
  [1m[36mJob Create (0.3ms)[0m  [1m[32mINSERT INTO "jobs" ("name", "created_at", "updated_at") VALUES (?, ?, ?)[0m  [["name", "druid"], ["created_at", "2020-05-26 22:37:36.221401"], ["updated_at", "2020-05-26 22:37:36.221401"]]
  ↳ lib/dnd_api.rb:13:in `block in classes'
  [1m[35m (1.2ms)[0m  [1m[36mcommit transaction[0m
  ↳ lib/dnd_api.rb:13:in `block in classes'
  [1m[35m (0.0ms)[0m  [1m[36mbegin transaction[0m
  ↳ lib/dnd_api.rb:13:in `block in classes'
  [1m[36mJob Create (0.3ms)[0m  [1m[32mINSERT INTO "jobs" ("name", "created_at", "updated_at") VALUES (?, ?, ?)[0m  [["name", "fighter"], ["created_at", "2020-05-26 22:37:36.225620"], ["updated_at", "2020-05-26 22:37:36.225620"]]
  ↳ lib/dnd_api.rb:13:in `block in classes'
  [1m[35m (1.1ms)[0m  [1m[36mcommit transaction[0m
  ↳ lib/dnd_api.rb:13:in `block in classes'
  [1m[35m (0.1ms)[0m  [1m[36mbegin transaction[0m
  ↳ lib/dnd_api.rb:13:in `block in classes'
  [1m[36mJob Create (0.4ms)[0m  [1m[32mINSERT INTO "jobs" ("name", "created_at", "updated_at") VALUES (?, ?, ?)[0m  [["name", "monk"], ["created_at", "2020-05-26 22:37:36.230129"], ["updated_at", "2020-05-26 22:37:36.230129"]]
  ↳ lib/dnd_api.rb:13:in `block in classes'
  [1m[35m (0.9ms)[0m  [1m[36mcommit transaction[0m
  ↳ lib/dnd_api.rb:13:in `block in classes'
  [1m[35m (0.1ms)[0m  [1m[36mbegin transaction[0m
  ↳ lib/dnd_api.rb:13:in `block in classes'
  [1m[36mJob Create (0.4ms)[0m  [1m[32mINSERT INTO "jobs" ("name", "created_at", "updated_at") VALUES (?, ?, ?)[0m  [["name", "paladin"], ["created_at", "2020-05-26 22:37:36.234901"], ["updated_at", "2020-05-26 22:37:36.234901"]]
  ↳ lib/dnd_api.rb:13:in `block in classes'
  [1m[35m (1.4ms)[0m  [1m[36mcommit transaction[0m
  ↳ lib/dnd_api.rb:13:in `block in classes'
  [1m[35m (0.1ms)[0m  [1m[36mbegin transaction[0m
  ↳ lib/dnd_api.rb:13:in `block in classes'
  [1m[36mJob Create (0.6ms)[0m  [1m[32mINSERT INTO "jobs" ("name", "created_at", "updated_at") VALUES (?, ?, ?)[0m  [["name", "ranger"], ["created_at", "2020-05-26 22:37:36.240772"], ["updated_at", "2020-05-26 22:37:36.240772"]]
  ↳ lib/dnd_api.rb:13:in `block in classes'
  [1m[35m (1.9ms)[0m  [1m[36mcommit transaction[0m
  ↳ lib/dnd_api.rb:13:in `block in classes'
  [1m[35m (0.0ms)[0m  [1m[36mbegin transaction[0m
  ↳ lib/dnd_api.rb:13:in `block in classes'
  [1m[36mJob Create (0.4ms)[0m  [1m[32mINSERT INTO "jobs" ("name", "created_at", "updated_at") VALUES (?, ?, ?)[0m  [["name", "rogue"], ["created_at", "2020-05-26 22:37:36.260005"], ["updated_at", "2020-05-26 22:37:36.260005"]]
  ↳ lib/dnd_api.rb:13:in `block in classes'
  [1m[35m (1.3ms)[0m  [1m[36mcommit transaction[0m
  ↳ lib/dnd_api.rb:13:in `block in classes'
  [1m[35m (0.0ms)[0m  [1m[36mbegin transaction[0m
  ↳ lib/dnd_api.rb:13:in `block in classes'
  [1m[36mJob Create (0.3ms)[0m  [1m[32mINSERT INTO "jobs" ("name", "created_at", "updated_at") VALUES (?, ?, ?)[0m  [["name", "sorcerer"], ["created_at", "2020-05-26 22:37:36.264502"], ["updated_at", "2020-05-26 22:37:36.264502"]]
  ↳ lib/dnd_api.rb:13:in `block in classes'
  [1m[35m (1.1ms)[0m  [1m[36mcommit transaction[0m
  ↳ lib/dnd_api.rb:13:in `block in classes'
  [1m[35m (0.1ms)[0m  [1m[36mbegin transaction[0m
  ↳ lib/dnd_api.rb:13:in `block in classes'
  [1m[36mJob Create (0.5ms)[0m  [1m[32mINSERT INTO "jobs" ("name", "created_at", "updated_at") VALUES (?, ?, ?)[0m  [["name", "warlock"], ["created_at", "2020-05-26 22:37:36.269025"], ["updated_at", "2020-05-26 22:37:36.269025"]]
  ↳ lib/dnd_api.rb:13:in `block in classes'
  [1m[35m (1.2ms)[0m  [1m[36mcommit transaction[0m
  ↳ lib/dnd_api.rb:13:in `block in classes'
  [1m[35m (0.0ms)[0m  [1m[36mbegin transaction[0m
  ↳ lib/dnd_api.rb:13:in `block in classes'
  [1m[36mJob Create (0.5ms)[0m  [1m[32mINSERT INTO "jobs" ("name", "created_at", "updated_at") VALUES (?, ?, ?)[0m  [["name", "wizard"], ["created_at", "2020-05-26 22:37:36.274536"], ["updated_at", "2020-05-26 22:37:36.274536"]]
  ↳ lib/dnd_api.rb:13:in `block in classes'
  [1m[35m (1.1ms)[0m  [1m[36mcommit transaction[0m
  ↳ lib/dnd_api.rb:13:in `block in classes'
  Rendering jobs/index.html.erb within layouts/application
  Rendered jobs/index.html.erb within layouts/application (Duration: 0.3ms | Allocations: 154)
[Webpacker] Everything's up-to-date. Nothing to do
Completed 200 OK in 244ms (Views: 19.9ms | ActiveRecord: 22.4ms | Allocations: 33032)


  [1m[35m (1.9ms)[0m  [1m[34mSELECT sqlite_version(*)[0m
  [1m[36mJob Load (0.3ms)[0m  [1m[34mSELECT "jobs".* FROM "jobs" LIMIT ?[0m  [["LIMIT", 11]]
  [1m[35m (0.4ms)[0m  [1m[34mSELECT COUNT(*) FROM "jobs"[0m
Started GET "/jobs" for ::1 at 2020-05-26 18:41:25 -0400
  [1m[35m (0.1ms)[0m  [1m[34mSELECT sqlite_version(*)[0m
Processing by JobsController#index as HTML
Completed 500 Internal Server Error in 2ms (ActiveRecord: 0.0ms | Allocations: 2426)


  
NameError (uninitialized constant JobsController::DnDApi
Did you mean?  DndApi):
  
app/controllers/jobs_controller.rb:7:in `index'
Started GET "/jobs" for ::1 at 2020-05-26 18:41:38 -0400
  [1m[35m (0.1ms)[0m  [1m[34mSELECT sqlite_version(*)[0m
Processing by JobsController#index as HTML
Completed 500 Internal Server Error in 2ms (ActiveRecord: 0.0ms | Allocations: 1718)


  
NoMethodError (undefined method `classes' for DndApi:Class
Did you mean?  class):
  
app/controllers/jobs_controller.rb:7:in `index'
Started GET "/jobs" for ::1 at 2020-05-26 18:41:52 -0400
  [1m[35m (0.1ms)[0m  [1m[34mSELECT sqlite_version(*)[0m
Processing by JobsController#index as HTML
Completed 500 Internal Server Error in 2ms (ActiveRecord: 0.0ms | Allocations: 1608)


  
NoMethodError (undefined method `jobs' for DndApi:Class):
  
app/controllers/jobs_controller.rb:7:in `index'
Started GET "/jobs" for ::1 at 2020-05-26 18:42:35 -0400
  [1m[35m (7.1ms)[0m  [1m[34mSELECT sqlite_version(*)[0m
  [1m[35m (0.4ms)[0m  [1m[34mSELECT "schema_migrations"."version" FROM "schema_migrations" ORDER BY "schema_migrations"."version" ASC[0m
Processing by JobsController#index as HTML
Completed 500 Internal Server Error in 5ms (ActiveRecord: 0.0ms | Allocations: 1660)


  
NoMethodError (undefined method `jobs' for DndApi:Class):
  
app/controllers/jobs_controller.rb:7:in `index'
Started GET "/jobs" for ::1 at 2020-05-26 18:42:59 -0400
  [1m[35m (0.1ms)[0m  [1m[34mSELECT sqlite_version(*)[0m
Processing by JobsController#index as HTML
Completed 500 Internal Server Error in 1ms (ActiveRecord: 0.0ms | Allocations: 1223)


  
NoMethodError (undefined method `classes' for #<DndApi:0x00007fd41ace7e80>
Did you mean?  class):
  
app/controllers/jobs_controller.rb:8:in `index'
Started GET "/jobs" for ::1 at 2020-05-26 18:43:28 -0400
  [1m[35m (0.4ms)[0m  [1m[34mSELECT sqlite_version(*)[0m
  [1m[35m (0.1ms)[0m  [1m[34mSELECT "schema_migrations"."version" FROM "schema_migrations" ORDER BY "schema_migrations"."version" ASC[0m
  
SyntaxError (/Users/srishtinath/Development/code/Mod2/mod2-project/dndcharactergeneration/lib/dnd_api.rb:20: syntax error, unexpected end
    end
    ^~~):
  
lib/dnd_api.rb:20: syntax error, unexpected end
lib/dnd_api.rb:20: syntax error, unexpected end
lib/dnd_api.rb:20: syntax error, unexpected end
app/controllers/jobs_controller.rb:1:in `<main>'
  [1m[35m (7.4ms)[0m  [1m[34mSELECT sqlite_version(*)[0m
  [1m[35m (0.3ms)[0m  [1m[34mSELECT "schema_migrations"."version" FROM "schema_migrations" ORDER BY "schema_migrations"."version" ASC[0m
Migrating to AddColumnToJobs (20200526224807)
  [1m[35m (0.1ms)[0m  [1m[36mbegin transaction[0m
  [1m[35m (1.6ms)[0m  [1m[35mALTER TABLE "jobs" ADD "url" varchar[0m
  [1m[35m (0.6ms)[0m  [1m[35mALTER TABLE "jobs" ADD "index" varchar[0m
  [1m[36mprimary::SchemaMigration Create (0.2ms)[0m  [1m[32mINSERT INTO "schema_migrations" ("version") VALUES (?)[0m  [["version", "20200526224807"]]
  [1m[35m (2.0ms)[0m  [1m[36mcommit transaction[0m
  [1m[36mActiveRecord::InternalMetadata Load (0.4ms)[0m  [1m[34mSELECT "ar_internal_metadata".* FROM "ar_internal_metadata" WHERE "ar_internal_metadata"."key" = ? LIMIT ?[0m  [["key", "environment"], ["LIMIT", 1]]
  [1m[35m (0.1ms)[0m  [1m[34mSELECT sqlite_version(*)[0m
  [1m[35m (0.1ms)[0m  [1m[34mSELECT "schema_migrations"."version" FROM "schema_migrations" ORDER BY "schema_migrations"."version" ASC[0m
  [1m[35m (7.4ms)[0m  [1m[34mSELECT sqlite_version(*)[0m
  [1m[36mJob Load (0.5ms)[0m  [1m[34mSELECT "jobs".* FROM "jobs" LIMIT ?[0m  [["LIMIT", 11]]
  [1m[35m (0.4ms)[0m  [1m[34mSELECT COUNT(*) FROM "jobs"[0m
  [1m[36mJob Destroy (3.6ms)[0m  [1m[31mDELETE FROM "jobs"[0m
  [1m[35m (0.3ms)[0m  [1m[34mSELECT COUNT(*) FROM "jobs"[0m
  [1m[35m (1.8ms)[0m  [1m[34mSELECT sqlite_version(*)[0m
  [1m[35m (0.6ms)[0m  [1m[34mSELECT "schema_migrations"."version" FROM "schema_migrations" ORDER BY "schema_migrations"."version" ASC[0m
  [1m[36mActiveRecord::InternalMetadata Load (5.8ms)[0m  [1m[34mSELECT "ar_internal_metadata".* FROM "ar_internal_metadata" WHERE "ar_internal_metadata"."key" = ? LIMIT ?[0m  [["key", "environment"], ["LIMIT", 1]]
  [1m[35m (0.1ms)[0m  [1m[34mSELECT sqlite_version(*)[0m
  [1m[35m (0.1ms)[0m  [1m[34mSELECT "schema_migrations"."version" FROM "schema_migrations" ORDER BY "schema_migrations"."version" ASC[0m
Started GET "/jobs" for ::1 at 2020-05-26 18:53:34 -0400
  [1m[35m (7.5ms)[0m  [1m[34mSELECT sqlite_version(*)[0m
  [1m[35m (0.9ms)[0m  [1m[34mSELECT "schema_migrations"."version" FROM "schema_migrations" ORDER BY "schema_migrations"."version" ASC[0m
Processing by JobsController#index as HTML
  [1m[36mJob Destroy (1.5ms)[0m  [1m[31mDELETE FROM "jobs"[0m
  ↳ lib/dnd_api.rb:11:in `classes'
  [1m[35m (0.1ms)[0m  [1m[36mbegin transaction[0m
  ↳ lib/dnd_api.rb:14:in `block in classes'
  [1m[36mJob Create (2.3ms)[0m  [1m[32mINSERT INTO "jobs" ("name", "created_at", "updated_at", "url", "index") VALUES (?, ?, ?, ?, ?)[0m  [["name", "Barbarian"], ["created_at", "2020-05-26 22:53:34.806047"], ["updated_at", "2020-05-26 22:53:34.806047"], ["url", "/api/classes/barbarian"], ["index", "barbarian"]]
  ↳ lib/dnd_api.rb:14:in `block in classes'
  [1m[35m (1.3ms)[0m  [1m[36mcommit transaction[0m
  ↳ lib/dnd_api.rb:14:in `block in classes'
  [1m[35m (0.0ms)[0m  [1m[36mbegin transaction[0m
  ↳ lib/dnd_api.rb:14:in `block in classes'
  [1m[36mJob Create (0.3ms)[0m  [1m[32mINSERT INTO "jobs" ("name", "created_at", "updated_at", "url", "index") VALUES (?, ?, ?, ?, ?)[0m  [["name", "Bard"], ["created_at", "2020-05-26 22:53:34.813555"], ["updated_at", "2020-05-26 22:53:34.813555"], ["url", "/api/classes/bard"], ["index", "bard"]]
  ↳ lib/dnd_api.rb:14:in `block in classes'
  [1m[35m (1.0ms)[0m  [1m[36mcommit transaction[0m
  ↳ lib/dnd_api.rb:14:in `block in classes'
  [1m[35m (0.0ms)[0m  [1m[36mbegin transaction[0m
  ↳ lib/dnd_api.rb:14:in `block in classes'
  [1m[36mJob Create (0.4ms)[0m  [1m[32mINSERT INTO "jobs" ("name", "created_at", "updated_at", "url", "index") VALUES (?, ?, ?, ?, ?)[0m  [["name", "Cleric"], ["created_at", "2020-05-26 22:53:34.817643"], ["updated_at", "2020-05-26 22:53:34.817643"], ["url", "/api/classes/cleric"], ["index", "cleric"]]
  ↳ lib/dnd_api.rb:14:in `block in classes'
  [1m[35m (0.9ms)[0m  [1m[36mcommit transaction[0m
  ↳ lib/dnd_api.rb:14:in `block in classes'
  [1m[35m (0.0ms)[0m  [1m[36mbegin transaction[0m
  ↳ lib/dnd_api.rb:14:in `block in classes'
  [1m[36mJob Create (0.3ms)[0m  [1m[32mINSERT INTO "jobs" ("name", "created_at", "updated_at", "url", "index") VALUES (?, ?, ?, ?, ?)[0m  [["name", "Druid"], ["created_at", "2020-05-26 22:53:34.822180"], ["updated_at", "2020-05-26 22:53:34.822180"], ["url", "/api/classes/druid"], ["index", "druid"]]
  ↳ lib/dnd_api.rb:14:in `block in classes'
  [1m[35m (0.9ms)[0m  [1m[36mcommit transaction[0m
  ↳ lib/dnd_api.rb:14:in `block in classes'
  [1m[35m (0.0ms)[0m  [1m[36mbegin transaction[0m
  ↳ lib/dnd_api.rb:14:in `block in classes'
  [1m[36mJob Create (0.3ms)[0m  [1m[32mINSERT INTO "jobs" ("name", "created_at", "updated_at", "url", "index") VALUES (?, ?, ?, ?, ?)[0m  [["name", "Fighter"], ["created_at", "2020-05-26 22:53:34.827351"], ["updated_at", "2020-05-26 22:53:34.827351"], ["url", "/api/classes/fighter"], ["index", "fighter"]]
  ↳ lib/dnd_api.rb:14:in `block in classes'
  [1m[35m (0.9ms)[0m  [1m[36mcommit transaction[0m
  ↳ lib/dnd_api.rb:14:in `block in classes'
  [1m[35m (0.0ms)[0m  [1m[36mbegin transaction[0m
  ↳ lib/dnd_api.rb:14:in `block in classes'
  [1m[36mJob Create (0.3ms)[0m  [1m[32mINSERT INTO "jobs" ("name", "created_at", "updated_at", "url", "index") VALUES (?, ?, ?, ?, ?)[0m  [["name", "Monk"], ["created_at", "2020-05-26 22:53:34.832182"], ["updated_at", "2020-05-26 22:53:34.832182"], ["url", "/api/classes/monk"], ["index", "monk"]]
  ↳ lib/dnd_api.rb:14:in `block in classes'
  [1m[35m (1.3ms)[0m  [1m[36mcommit transaction[0m
  ↳ lib/dnd_api.rb:14:in `block in classes'
  [1m[35m (0.0ms)[0m  [1m[36mbegin transaction[0m
  ↳ lib/dnd_api.rb:14:in `block in classes'
  [1m[36mJob Create (0.3ms)[0m  [1m[32mINSERT INTO "jobs" ("name", "created_at", "updated_at", "url", "index") VALUES (?, ?, ?, ?, ?)[0m  [["name", "Paladin"], ["created_at", "2020-05-26 22:53:34.838053"], ["updated_at", "2020-05-26 22:53:34.838053"], ["url", "/api/classes/paladin"], ["index", "paladin"]]
  ↳ lib/dnd_api.rb:14:in `block in classes'
  [1m[35m (1.1ms)[0m  [1m[36mcommit transaction[0m
  ↳ lib/dnd_api.rb:14:in `block in classes'
  [1m[35m (0.1ms)[0m  [1m[36mbegin transaction[0m
  ↳ lib/dnd_api.rb:14:in `block in classes'
  [1m[36mJob Create (0.4ms)[0m  [1m[32mINSERT INTO "jobs" ("name", "created_at", "updated_at", "url", "index") VALUES (?, ?, ?, ?, ?)[0m  [["name", "Ranger"], ["created_at", "2020-05-26 22:53:34.845896"], ["updated_at", "2020-05-26 22:53:34.845896"], ["url", "/api/classes/ranger"], ["index", "ranger"]]
  ↳ lib/dnd_api.rb:14:in `block in classes'
  [1m[35m (0.7ms)[0m  [1m[36mcommit transaction[0m
  ↳ lib/dnd_api.rb:14:in `block in classes'
  [1m[35m (0.0ms)[0m  [1m[36mbegin transaction[0m
  ↳ lib/dnd_api.rb:14:in `block in classes'
  [1m[36mJob Create (0.3ms)[0m  [1m[32mINSERT INTO "jobs" ("name", "created_at", "updated_at", "url", "index") VALUES (?, ?, ?, ?, ?)[0m  [["name", "Rogue"], ["created_at", "2020-05-26 22:53:34.853573"], ["updated_at", "2020-05-26 22:53:34.853573"], ["url", "/api/classes/rogue"], ["index", "rogue"]]
  ↳ lib/dnd_api.rb:14:in `block in classes'
  [1m[35m (1.3ms)[0m  [1m[36mcommit transaction[0m
  ↳ lib/dnd_api.rb:14:in `block in classes'
  [1m[35m (0.0ms)[0m  [1m[36mbegin transaction[0m
  ↳ lib/dnd_api.rb:14:in `block in classes'
  [1m[36mJob Create (0.4ms)[0m  [1m[32mINSERT INTO "jobs" ("name", "created_at", "updated_at", "url", "index") VALUES (?, ?, ?, ?, ?)[0m  [["name", "Sorcerer"], ["created_at", "2020-05-26 22:53:34.858712"], ["updated_at", "2020-05-26 22:53:34.858712"], ["url", "/api/classes/sorcerer"], ["index", "sorcerer"]]
  ↳ lib/dnd_api.rb:14:in `block in classes'
  [1m[35m (1.2ms)[0m  [1m[36mcommit transaction[0m
  ↳ lib/dnd_api.rb:14:in `block in classes'
  [1m[35m (0.1ms)[0m  [1m[36mbegin transaction[0m
  ↳ lib/dnd_api.rb:14:in `block in classes'
  [1m[36mJob Create (0.6ms)[0m  [1m[32mINSERT INTO "jobs" ("name", "created_at", "updated_at", "url", "index") VALUES (?, ?, ?, ?, ?)[0m  [["name", "Warlock"], ["created_at", "2020-05-26 22:53:34.865043"], ["updated_at", "2020-05-26 22:53:34.865043"], ["url", "/api/classes/warlock"], ["index", "warlock"]]
  ↳ lib/dnd_api.rb:14:in `block in classes'
  [1m[35m (1.2ms)[0m  [1m[36mcommit transaction[0m
  ↳ lib/dnd_api.rb:14:in `block in classes'
  [1m[35m (0.1ms)[0m  [1m[36mbegin transaction[0m
  ↳ lib/dnd_api.rb:14:in `block in classes'
  [1m[36mJob Create (0.6ms)[0m  [1m[32mINSERT INTO "jobs" ("name", "created_at", "updated_at", "url", "index") VALUES (?, ?, ?, ?, ?)[0m  [["name", "Wizard"], ["created_at", "2020-05-26 22:53:34.891601"], ["updated_at", "2020-05-26 22:53:34.891601"], ["url", "/api/classes/wizard"], ["index", "wizard"]]
  ↳ lib/dnd_api.rb:14:in `block in classes'
  [1m[35m (1.1ms)[0m  [1m[36mcommit transaction[0m
  ↳ lib/dnd_api.rb:14:in `block in classes'
  Rendering jobs/index.html.erb within layouts/application
  Rendered jobs/index.html.erb within layouts/application (Duration: 1.4ms | Allocations: 273)
[Webpacker] Everything's up-to-date. Nothing to do
Completed 200 OK in 369ms (Views: 32.3ms | ActiveRecord: 22.6ms | Allocations: 83479)


Started GET "/jobs" for ::1 at 2020-05-26 18:53:45 -0400
Processing by JobsController#index as HTML
  [1m[36mJob Destroy (3.7ms)[0m  [1m[31mDELETE FROM "jobs"[0m
  ↳ lib/dnd_api.rb:11:in `classes'
  [1m[35m (0.1ms)[0m  [1m[36mbegin transaction[0m
  ↳ lib/dnd_api.rb:14:in `block in classes'
  [1m[36mJob Create (0.8ms)[0m  [1m[32mINSERT INTO "jobs" ("name", "created_at", "updated_at", "url", "index") VALUES (?, ?, ?, ?, ?)[0m  [["name", "Barbarian"], ["created_at", "2020-05-26 22:53:45.808613"], ["updated_at", "2020-05-26 22:53:45.808613"], ["url", "/api/classes/barbarian"], ["index", "barbarian"]]
  ↳ lib/dnd_api.rb:14:in `block in classes'
  [1m[35m (2.6ms)[0m  [1m[36mcommit transaction[0m
  ↳ lib/dnd_api.rb:14:in `block in classes'
  [1m[35m (0.1ms)[0m  [1m[36mbegin transaction[0m
  ↳ lib/dnd_api.rb:14:in `block in classes'
  [1m[36mJob Create (0.4ms)[0m  [1m[32mINSERT INTO "jobs" ("name", "created_at", "updated_at", "url", "index") VALUES (?, ?, ?, ?, ?)[0m  [["name", "Bard"], ["created_at", "2020-05-26 22:53:45.816726"], ["updated_at", "2020-05-26 22:53:45.816726"], ["url", "/api/classes/bard"], ["index", "bard"]]
  ↳ lib/dnd_api.rb:14:in `block in classes'
  [1m[35m (1.3ms)[0m  [1m[36mcommit transaction[0m
  ↳ lib/dnd_api.rb:14:in `block in classes'
  [1m[35m (0.1ms)[0m  [1m[36mbegin transaction[0m
  ↳ lib/dnd_api.rb:14:in `block in classes'
  [1m[36mJob Create (0.5ms)[0m  [1m[32mINSERT INTO "jobs" ("name", "created_at", "updated_at", "url", "index") VALUES (?, ?, ?, ?, ?)[0m  [["name", "Cleric"], ["created_at", "2020-05-26 22:53:45.821911"], ["updated_at", "2020-05-26 22:53:45.821911"], ["url", "/api/classes/cleric"], ["index", "cleric"]]
  ↳ lib/dnd_api.rb:14:in `block in classes'
  [1m[35m (1.1ms)[0m  [1m[36mcommit transaction[0m
  ↳ lib/dnd_api.rb:14:in `block in classes'
  [1m[35m (0.0ms)[0m  [1m[36mbegin transaction[0m
  ↳ lib/dnd_api.rb:14:in `block in classes'
  [1m[36mJob Create (0.3ms)[0m  [1m[32mINSERT INTO "jobs" ("name", "created_at", "updated_at", "url", "index") VALUES (?, ?, ?, ?, ?)[0m  [["name", "Druid"], ["created_at", "2020-05-26 22:53:45.826657"], ["updated_at", "2020-05-26 22:53:45.826657"], ["url", "/api/classes/druid"], ["index", "druid"]]
  ↳ lib/dnd_api.rb:14:in `block in classes'
  [1m[35m (1.2ms)[0m  [1m[36mcommit transaction[0m
  ↳ lib/dnd_api.rb:14:in `block in classes'
  [1m[35m (0.0ms)[0m  [1m[36mbegin transaction[0m
  ↳ lib/dnd_api.rb:14:in `block in classes'
  [1m[36mJob Create (0.4ms)[0m  [1m[32mINSERT INTO "jobs" ("name", "created_at", "updated_at", "url", "index") VALUES (?, ?, ?, ?, ?)[0m  [["name", "Fighter"], ["created_at", "2020-05-26 22:53:45.831518"], ["updated_at", "2020-05-26 22:53:45.831518"], ["url", "/api/classes/fighter"], ["index", "fighter"]]
  ↳ lib/dnd_api.rb:14:in `block in classes'
  [1m[35m (0.8ms)[0m  [1m[36mcommit transaction[0m
  ↳ lib/dnd_api.rb:14:in `block in classes'
  [1m[35m (0.1ms)[0m  [1m[36mbegin transaction[0m
  ↳ lib/dnd_api.rb:14:in `block in classes'
  [1m[36mJob Create (0.5ms)[0m  [1m[32mINSERT INTO "jobs" ("name", "created_at", "updated_at", "url", "index") VALUES (?, ?, ?, ?, ?)[0m  [["name", "Monk"], ["created_at", "2020-05-26 22:53:45.835094"], ["updated_at", "2020-05-26 22:53:45.835094"], ["url", "/api/classes/monk"], ["index", "monk"]]
  ↳ lib/dnd_api.rb:14:in `block in classes'
  [1m[35m (0.9ms)[0m  [1m[36mcommit transaction[0m
  ↳ lib/dnd_api.rb:14:in `block in classes'
  [1m[35m (0.0ms)[0m  [1m[36mbegin transaction[0m
  ↳ lib/dnd_api.rb:14:in `block in classes'
  [1m[36mJob Create (0.3ms)[0m  [1m[32mINSERT INTO "jobs" ("name", "created_at", "updated_at", "url", "index") VALUES (?, ?, ?, ?, ?)[0m  [["name", "Paladin"], ["created_at", "2020-05-26 22:53:45.856461"], ["updated_at", "2020-05-26 22:53:45.856461"], ["url", "/api/classes/paladin"], ["index", "paladin"]]
  ↳ lib/dnd_api.rb:14:in `block in classes'
  [1m[35m (0.8ms)[0m  [1m[36mcommit transaction[0m
  ↳ lib/dnd_api.rb:14:in `block in classes'
  [1m[35m (0.1ms)[0m  [1m[36mbegin transaction[0m
  ↳ lib/dnd_api.rb:14:in `block in classes'
  [1m[36mJob Create (0.4ms)[0m  [1m[32mINSERT INTO "jobs" ("name", "created_at", "updated_at", "url", "index") VALUES (?, ?, ?, ?, ?)[0m  [["name", "Ranger"], ["created_at", "2020-05-26 22:53:45.860275"], ["updated_at", "2020-05-26 22:53:45.860275"], ["url", "/api/classes/ranger"], ["index", "ranger"]]
  ↳ lib/dnd_api.rb:14:in `block in classes'
  [1m[35m (1.0ms)[0m  [1m[36mcommit transaction[0m
  ↳ lib/dnd_api.rb:14:in `block in classes'
  [1m[35m (0.1ms)[0m  [1m[36mbegin transaction[0m
  ↳ lib/dnd_api.rb:14:in `block in classes'
  [1m[36mJob Create (0.3ms)[0m  [1m[32mINSERT INTO "jobs" ("name", "created_at", "updated_at", "url", "index") VALUES (?, ?, ?, ?, ?)[0m  [["name", "Rogue"], ["created_at", "2020-05-26 22:53:45.866748"], ["updated_at", "2020-05-26 22:53:45.866748"], ["url", "/api/classes/rogue"], ["index", "rogue"]]
  ↳ lib/dnd_api.rb:14:in `block in classes'
  [1m[35m (0.7ms)[0m  [1m[36mcommit transaction[0m
  ↳ lib/dnd_api.rb:14:in `block in classes'
  [1m[35m (0.0ms)[0m  [1m[36mbegin transaction[0m
  ↳ lib/dnd_api.rb:14:in `block in classes'
  [1m[36mJob Create (0.3ms)[0m  [1m[32mINSERT INTO "jobs" ("name", "created_at", "updated_at", "url", "index") VALUES (?, ?, ?, ?, ?)[0m  [["name", "Sorcerer"], ["created_at", "2020-05-26 22:53:45.872379"], ["updated_at", "2020-05-26 22:53:45.872379"], ["url", "/api/classes/sorcerer"], ["index", "sorcerer"]]
  ↳ lib/dnd_api.rb:14:in `block in classes'
  [1m[35m (0.7ms)[0m  [1m[36mcommit transaction[0m
  ↳ lib/dnd_api.rb:14:in `block in classes'
  [1m[35m (0.0ms)[0m  [1m[36mbegin transaction[0m
  ↳ lib/dnd_api.rb:14:in `block in classes'
  [1m[36mJob Create (0.4ms)[0m  [1m[32mINSERT INTO "jobs" ("name", "created_at", "updated_at", "url", "index") VALUES (?, ?, ?, ?, ?)[0m  [["name", "Warlock"], ["created_at", "2020-05-26 22:53:45.877364"], ["updated_at", "2020-05-26 22:53:45.877364"], ["url", "/api/classes/warlock"], ["index", "warlock"]]
  ↳ lib/dnd_api.rb:14:in `block in classes'
  [1m[35m (0.9ms)[0m  [1m[36mcommit transaction[0m
  ↳ lib/dnd_api.rb:14:in `block in classes'
  [1m[35m (0.1ms)[0m  [1m[36mbegin transaction[0m
  ↳ lib/dnd_api.rb:14:in `block in classes'
  [1m[36mJob Create (0.3ms)[0m  [1m[32mINSERT INTO "jobs" ("name", "created_at", "updated_at", "url", "index") VALUES (?, ?, ?, ?, ?)[0m  [["name", "Wizard"], ["created_at", "2020-05-26 22:53:45.882881"], ["updated_at", "2020-05-26 22:53:45.882881"], ["url", "/api/classes/wizard"], ["index", "wizard"]]
  ↳ lib/dnd_api.rb:14:in `block in classes'
  [1m[35m (0.7ms)[0m  [1m[36mcommit transaction[0m
  ↳ lib/dnd_api.rb:14:in `block in classes'
  Rendering jobs/index.html.erb within layouts/application
  Rendered jobs/index.html.erb within layouts/application (Duration: 0.7ms | Allocations: 449)
[Webpacker] Everything's up-to-date. Nothing to do
Completed 200 OK in 261ms (Views: 18.1ms | ActiveRecord: 22.0ms | Allocations: 65335)


Started GET "/jobs" for ::1 at 2020-05-26 18:54:02 -0400
Processing by JobsController#index as HTML
  [1m[36mJob Destroy (2.7ms)[0m  [1m[31mDELETE FROM "jobs"[0m
  ↳ lib/dnd_api.rb:11:in `classes'
  [1m[35m (0.1ms)[0m  [1m[36mbegin transaction[0m
  ↳ lib/dnd_api.rb:14:in `block in classes'
  [1m[36mJob Create (0.6ms)[0m  [1m[32mINSERT INTO "jobs" ("name", "created_at", "updated_at", "url", "index") VALUES (?, ?, ?, ?, ?)[0m  [["name", "Barbarian"], ["created_at", "2020-05-26 22:54:02.402464"], ["updated_at", "2020-05-26 22:54:02.402464"], ["url", "/api/classes/barbarian"], ["index", "barbarian"]]
  ↳ lib/dnd_api.rb:14:in `block in classes'
  [1m[35m (2.8ms)[0m  [1m[36mcommit transaction[0m
  ↳ lib/dnd_api.rb:14:in `block in classes'
  [1m[35m (0.1ms)[0m  [1m[36mbegin transaction[0m
  ↳ lib/dnd_api.rb:14:in `block in classes'
  [1m[36mJob Create (0.4ms)[0m  [1m[32mINSERT INTO "jobs" ("name", "created_at", "updated_at", "url", "index") VALUES (?, ?, ?, ?, ?)[0m  [["name", "Bard"], ["created_at", "2020-05-26 22:54:02.410929"], ["updated_at", "2020-05-26 22:54:02.410929"], ["url", "/api/classes/bard"], ["index", "bard"]]
  ↳ lib/dnd_api.rb:14:in `block in classes'
  [1m[35m (1.2ms)[0m  [1m[36mcommit transaction[0m
  ↳ lib/dnd_api.rb:14:in `block in classes'
  [1m[35m (0.0ms)[0m  [1m[36mbegin transaction[0m
  ↳ lib/dnd_api.rb:14:in `block in classes'
  [1m[36mJob Create (0.3ms)[0m  [1m[32mINSERT INTO "jobs" ("name", "created_at", "updated_at", "url", "index") VALUES (?, ?, ?, ?, ?)[0m  [["name", "Cleric"], ["created_at", "2020-05-26 22:54:02.415773"], ["updated_at", "2020-05-26 22:54:02.415773"], ["url", "/api/classes/cleric"], ["index", "cleric"]]
  ↳ lib/dnd_api.rb:14:in `block in classes'
  [1m[35m (1.1ms)[0m  [1m[36mcommit transaction[0m
  ↳ lib/dnd_api.rb:14:in `block in classes'
  [1m[35m (0.0ms)[0m  [1m[36mbegin transaction[0m
  ↳ lib/dnd_api.rb:14:in `block in classes'
  [1m[36mJob Create (0.4ms)[0m  [1m[32mINSERT INTO "jobs" ("name", "created_at", "updated_at", "url", "index") VALUES (?, ?, ?, ?, ?)[0m  [["name", "Druid"], ["created_at", "2020-05-26 22:54:02.419554"], ["updated_at", "2020-05-26 22:54:02.419554"], ["url", "/api/classes/druid"], ["index", "druid"]]
  ↳ lib/dnd_api.rb:14:in `block in classes'
  [1m[35m (1.0ms)[0m  [1m[36mcommit transaction[0m
  ↳ lib/dnd_api.rb:14:in `block in classes'
  [1m[35m (0.0ms)[0m  [1m[36mbegin transaction[0m
  ↳ lib/dnd_api.rb:14:in `block in classes'
  [1m[36mJob Create (0.3ms)[0m  [1m[32mINSERT INTO "jobs" ("name", "created_at", "updated_at", "url", "index") VALUES (?, ?, ?, ?, ?)[0m  [["name", "Fighter"], ["created_at", "2020-05-26 22:54:02.423657"], ["updated_at", "2020-05-26 22:54:02.423657"], ["url", "/api/classes/fighter"], ["index", "fighter"]]
  ↳ lib/dnd_api.rb:14:in `block in classes'
  [1m[35m (1.3ms)[0m  [1m[36mcommit transaction[0m
  ↳ lib/dnd_api.rb:14:in `block in classes'
  [1m[35m (0.0ms)[0m  [1m[36mbegin transaction[0m
  ↳ lib/dnd_api.rb:14:in `block in classes'
  [1m[36mJob Create (0.3ms)[0m  [1m[32mINSERT INTO "jobs" ("name", "created_at", "updated_at", "url", "index") VALUES (?, ?, ?, ?, ?)[0m  [["name", "Monk"], ["created_at", "2020-05-26 22:54:02.427889"], ["updated_at", "2020-05-26 22:54:02.427889"], ["url", "/api/classes/monk"], ["index", "monk"]]
  ↳ lib/dnd_api.rb:14:in `block in classes'
  [1m[35m (0.9ms)[0m  [1m[36mcommit transaction[0m
  ↳ lib/dnd_api.rb:14:in `block in classes'
  [1m[35m (0.0ms)[0m  [1m[36mbegin transaction[0m
  ↳ lib/dnd_api.rb:14:in `block in classes'
  [1m[36mJob Create (0.3ms)[0m  [1m[32mINSERT INTO "jobs" ("name", "created_at", "updated_at", "url", "index") VALUES (?, ?, ?, ?, ?)[0m  [["name", "Paladin"], ["created_at", "2020-05-26 22:54:02.431686"], ["updated_at", "2020-05-26 22:54:02.431686"], ["url", "/api/classes/paladin"], ["index", "paladin"]]
  ↳ lib/dnd_api.rb:14:in `block in classes'
  [1m[35m (1.3ms)[0m  [1m[36mcommit transaction[0m
  ↳ lib/dnd_api.rb:14:in `block in classes'
  [1m[35m (0.0ms)[0m  [1m[36mbegin transaction[0m
  ↳ lib/dnd_api.rb:14:in `block in classes'
  [1m[36mJob Create (0.5ms)[0m  [1m[32mINSERT INTO "jobs" ("name", "created_at", "updated_at", "url", "index") VALUES (?, ?, ?, ?, ?)[0m  [["name", "Ranger"], ["created_at", "2020-05-26 22:54:02.436121"], ["updated_at", "2020-05-26 22:54:02.436121"], ["url", "/api/classes/ranger"], ["index", "ranger"]]
  ↳ lib/dnd_api.rb:14:in `block in classes'
  [1m[35m (1.1ms)[0m  [1m[36mcommit transaction[0m
  ↳ lib/dnd_api.rb:14:in `block in classes'
  [1m[35m (0.1ms)[0m  [1m[36mbegin transaction[0m
  ↳ lib/dnd_api.rb:14:in `block in classes'
  [1m[36mJob Create (0.4ms)[0m  [1m[32mINSERT INTO "jobs" ("name", "created_at", "updated_at", "url", "index") VALUES (?, ?, ?, ?, ?)[0m  [["name", "Rogue"], ["created_at", "2020-05-26 22:54:02.440676"], ["updated_at", "2020-05-26 22:54:02.440676"], ["url", "/api/classes/rogue"], ["index", "rogue"]]
  ↳ lib/dnd_api.rb:14:in `block in classes'
  [1m[35m (0.7ms)[0m  [1m[36mcommit transaction[0m
  ↳ lib/dnd_api.rb:14:in `block in classes'
  [1m[35m (0.0ms)[0m  [1m[36mbegin transaction[0m
  ↳ lib/dnd_api.rb:14:in `block in classes'
  [1m[36mJob Create (0.4ms)[0m  [1m[32mINSERT INTO "jobs" ("name", "created_at", "updated_at", "url", "index") VALUES (?, ?, ?, ?, ?)[0m  [["name", "Sorcerer"], ["created_at", "2020-05-26 22:54:02.445038"], ["updated_at", "2020-05-26 22:54:02.445038"], ["url", "/api/classes/sorcerer"], ["index", "sorcerer"]]
  ↳ lib/dnd_api.rb:14:in `block in classes'
  [1m[35m (1.1ms)[0m  [1m[36mcommit transaction[0m
  ↳ lib/dnd_api.rb:14:in `block in classes'
  [1m[35m (0.0ms)[0m  [1m[36mbegin transaction[0m
  ↳ lib/dnd_api.rb:14:in `block in classes'
  [1m[36mJob Create (0.3ms)[0m  [1m[32mINSERT INTO "jobs" ("name", "created_at", "updated_at", "url", "index") VALUES (?, ?, ?, ?, ?)[0m  [["name", "Warlock"], ["created_at", "2020-05-26 22:54:02.449714"], ["updated_at", "2020-05-26 22:54:02.449714"], ["url", "/api/classes/warlock"], ["index", "warlock"]]
  ↳ lib/dnd_api.rb:14:in `block in classes'
  [1m[35m (0.7ms)[0m  [1m[36mcommit transaction[0m
  ↳ lib/dnd_api.rb:14:in `block in classes'
  [1m[35m (0.0ms)[0m  [1m[36mbegin transaction[0m
  ↳ lib/dnd_api.rb:14:in `block in classes'
  [1m[36mJob Create (0.3ms)[0m  [1m[32mINSERT INTO "jobs" ("name", "created_at", "updated_at", "url", "index") VALUES (?, ?, ?, ?, ?)[0m  [["name", "Wizard"], ["created_at", "2020-05-26 22:54:02.453405"], ["updated_at", "2020-05-26 22:54:02.453405"], ["url", "/api/classes/wizard"], ["index", "wizard"]]
  ↳ lib/dnd_api.rb:14:in `block in classes'
  [1m[35m (1.3ms)[0m  [1m[36mcommit transaction[0m
  ↳ lib/dnd_api.rb:14:in `block in classes'
  Rendering jobs/index.html.erb within layouts/application
  Rendered jobs/index.html.erb within layouts/application (Duration: 0.3ms | Allocations: 155)
[Webpacker] Everything's up-to-date. Nothing to do
Completed 200 OK in 189ms (Views: 7.0ms | ActiveRecord: 22.6ms | Allocations: 33913)


Started GET "/jobs" for ::1 at 2020-05-26 18:54:07 -0400
Processing by JobsController#index as HTML
  [1m[36mJob Destroy (1.4ms)[0m  [1m[31mDELETE FROM "jobs"[0m
  ↳ lib/dnd_api.rb:11:in `classes'
  [1m[35m (0.1ms)[0m  [1m[36mbegin transaction[0m
  ↳ lib/dnd_api.rb:14:in `block in classes'
  [1m[36mJob Create (0.7ms)[0m  [1m[32mINSERT INTO "jobs" ("name", "created_at", "updated_at", "url", "index") VALUES (?, ?, ?, ?, ?)[0m  [["name", "Barbarian"], ["created_at", "2020-05-26 22:54:07.794070"], ["updated_at", "2020-05-26 22:54:07.794070"], ["url", "/api/classes/barbarian"], ["index", "barbarian"]]
  ↳ lib/dnd_api.rb:14:in `block in classes'
  [1m[35m (2.9ms)[0m  [1m[36mcommit transaction[0m
  ↳ lib/dnd_api.rb:14:in `block in classes'
  [1m[35m (0.1ms)[0m  [1m[36mbegin transaction[0m
  ↳ lib/dnd_api.rb:14:in `block in classes'
  [1m[36mJob Create (0.4ms)[0m  [1m[32mINSERT INTO "jobs" ("name", "created_at", "updated_at", "url", "index") VALUES (?, ?, ?, ?, ?)[0m  [["name", "Bard"], ["created_at", "2020-05-26 22:54:07.802433"], ["updated_at", "2020-05-26 22:54:07.802433"], ["url", "/api/classes/bard"], ["index", "bard"]]
  ↳ lib/dnd_api.rb:14:in `block in classes'
  [1m[35m (1.1ms)[0m  [1m[36mcommit transaction[0m
  ↳ lib/dnd_api.rb:14:in `block in classes'
  [1m[35m (0.0ms)[0m  [1m[36mbegin transaction[0m
  ↳ lib/dnd_api.rb:14:in `block in classes'
  [1m[36mJob Create (0.3ms)[0m  [1m[32mINSERT INTO "jobs" ("name", "created_at", "updated_at", "url", "index") VALUES (?, ?, ?, ?, ?)[0m  [["name", "Cleric"], ["created_at", "2020-05-26 22:54:07.806870"], ["updated_at", "2020-05-26 22:54:07.806870"], ["url", "/api/classes/cleric"], ["index", "cleric"]]
  ↳ lib/dnd_api.rb:14:in `block in classes'
  [1m[35m (1.0ms)[0m  [1m[36mcommit transaction[0m
  ↳ lib/dnd_api.rb:14:in `block in classes'
  [1m[35m (0.0ms)[0m  [1m[36mbegin transaction[0m
  ↳ lib/dnd_api.rb:14:in `block in classes'
  [1m[36mJob Create (0.3ms)[0m  [1m[32mINSERT INTO "jobs" ("name", "created_at", "updated_at", "url", "index") VALUES (?, ?, ?, ?, ?)[0m  [["name", "Druid"], ["created_at", "2020-05-26 22:54:07.810699"], ["updated_at", "2020-05-26 22:54:07.810699"], ["url", "/api/classes/druid"], ["index", "druid"]]
  ↳ lib/dnd_api.rb:14:in `block in classes'
  [1m[35m (1.2ms)[0m  [1m[36mcommit transaction[0m
  ↳ lib/dnd_api.rb:14:in `block in classes'
  [1m[35m (0.0ms)[0m  [1m[36mbegin transaction[0m
  ↳ lib/dnd_api.rb:14:in `block in classes'
  [1m[36mJob Create (0.4ms)[0m  [1m[32mINSERT INTO "jobs" ("name", "created_at", "updated_at", "url", "index") VALUES (?, ?, ?, ?, ?)[0m  [["name", "Fighter"], ["created_at", "2020-05-26 22:54:07.814483"], ["updated_at", "2020-05-26 22:54:07.814483"], ["url", "/api/classes/fighter"], ["index", "fighter"]]
  ↳ lib/dnd_api.rb:14:in `block in classes'
  [1m[35m (0.8ms)[0m  [1m[36mcommit transaction[0m
  ↳ lib/dnd_api.rb:14:in `block in classes'
  [1m[35m (0.0ms)[0m  [1m[36mbegin transaction[0m
  ↳ lib/dnd_api.rb:14:in `block in classes'
  [1m[36mJob Create (0.3ms)[0m  [1m[32mINSERT INTO "jobs" ("name", "created_at", "updated_at", "url", "index") VALUES (?, ?, ?, ?, ?)[0m  [["name", "Monk"], ["created_at", "2020-05-26 22:54:07.818210"], ["updated_at", "2020-05-26 22:54:07.818210"], ["url", "/api/classes/monk"], ["index", "monk"]]
  ↳ lib/dnd_api.rb:14:in `block in classes'
  [1m[35m (1.1ms)[0m  [1m[36mcommit transaction[0m
  ↳ lib/dnd_api.rb:14:in `block in classes'
  [1m[35m (0.1ms)[0m  [1m[36mbegin transaction[0m
  ↳ lib/dnd_api.rb:14:in `block in classes'
  [1m[36mJob Create (0.5ms)[0m  [1m[32mINSERT INTO "jobs" ("name", "created_at", "updated_at", "url", "index") VALUES (?, ?, ?, ?, ?)[0m  [["name", "Paladin"], ["created_at", "2020-05-26 22:54:07.822341"], ["updated_at", "2020-05-26 22:54:07.822341"], ["url", "/api/classes/paladin"], ["index", "paladin"]]
  ↳ lib/dnd_api.rb:14:in `block in classes'
  [1m[35m (0.9ms)[0m  [1m[36mcommit transaction[0m
  ↳ lib/dnd_api.rb:14:in `block in classes'
  [1m[35m (0.0ms)[0m  [1m[36mbegin transaction[0m
  ↳ lib/dnd_api.rb:14:in `block in classes'
  [1m[36mJob Create (0.3ms)[0m  [1m[32mINSERT INTO "jobs" ("name", "created_at", "updated_at", "url", "index") VALUES (?, ?, ?, ?, ?)[0m  [["name", "Ranger"], ["created_at", "2020-05-26 22:54:07.826477"], ["updated_at", "2020-05-26 22:54:07.826477"], ["url", "/api/classes/ranger"], ["index", "ranger"]]
  ↳ lib/dnd_api.rb:14:in `block in classes'
  [1m[35m (1.3ms)[0m  [1m[36mcommit transaction[0m
  ↳ lib/dnd_api.rb:14:in `block in classes'
  [1m[35m (0.1ms)[0m  [1m[36mbegin transaction[0m
  ↳ lib/dnd_api.rb:14:in `block in classes'
  [1m[36mJob Create (0.5ms)[0m  [1m[32mINSERT INTO "jobs" ("name", "created_at", "updated_at", "url", "index") VALUES (?, ?, ?, ?, ?)[0m  [["name", "Rogue"], ["created_at", "2020-05-26 22:54:07.830528"], ["updated_at", "2020-05-26 22:54:07.830528"], ["url", "/api/classes/rogue"], ["index", "rogue"]]
  ↳ lib/dnd_api.rb:14:in `block in classes'
  [1m[35m (0.7ms)[0m  [1m[36mcommit transaction[0m
  ↳ lib/dnd_api.rb:14:in `block in classes'
  [1m[35m (0.1ms)[0m  [1m[36mbegin transaction[0m
  ↳ lib/dnd_api.rb:14:in `block in classes'
  [1m[36mJob Create (0.4ms)[0m  [1m[32mINSERT INTO "jobs" ("name", "created_at", "updated_at", "url", "index") VALUES (?, ?, ?, ?, ?)[0m  [["name", "Sorcerer"], ["created_at", "2020-05-26 22:54:07.835750"], ["updated_at", "2020-05-26 22:54:07.835750"], ["url", "/api/classes/sorcerer"], ["index", "sorcerer"]]
  ↳ lib/dnd_api.rb:14:in `block in classes'
  [1m[35m (1.2ms)[0m  [1m[36mcommit transaction[0m
  ↳ lib/dnd_api.rb:14:in `block in classes'
  [1m[35m (0.0ms)[0m  [1m[36mbegin transaction[0m
  ↳ lib/dnd_api.rb:14:in `block in classes'
  [1m[36mJob Create (0.4ms)[0m  [1m[32mINSERT INTO "jobs" ("name", "created_at", "updated_at", "url", "index") VALUES (?, ?, ?, ?, ?)[0m  [["name", "Warlock"], ["created_at", "2020-05-26 22:54:07.840644"], ["updated_at", "2020-05-26 22:54:07.840644"], ["url", "/api/classes/warlock"], ["index", "warlock"]]
  ↳ lib/dnd_api.rb:14:in `block in classes'
  [1m[35m (1.0ms)[0m  [1m[36mcommit transaction[0m
  ↳ lib/dnd_api.rb:14:in `block in classes'
  [1m[35m (0.0ms)[0m  [1m[36mbegin transaction[0m
  ↳ lib/dnd_api.rb:14:in `block in classes'
  [1m[36mJob Create (0.3ms)[0m  [1m[32mINSERT INTO "jobs" ("name", "created_at", "updated_at", "url", "index") VALUES (?, ?, ?, ?, ?)[0m  [["name", "Wizard"], ["created_at", "2020-05-26 22:54:07.844394"], ["updated_at", "2020-05-26 22:54:07.844394"], ["url", "/api/classes/wizard"], ["index", "wizard"]]
  ↳ lib/dnd_api.rb:14:in `block in classes'
  [1m[35m (0.8ms)[0m  [1m[36mcommit transaction[0m
  ↳ lib/dnd_api.rb:14:in `block in classes'
  Rendering jobs/index.html.erb within layouts/application
  Rendered jobs/index.html.erb within layouts/application (Duration: 0.3ms | Allocations: 154)
[Webpacker] Everything's up-to-date. Nothing to do
Completed 200 OK in 214ms (Views: 6.4ms | ActiveRecord: 20.7ms | Allocations: 38768)


